[14:33:06] [main/INFO] (FabricLoader/GameProvider) Loading Minecraft 26.1.1 with Fabric Loader 0.18.6
[14:33:06] [main/INFO] (FabricLoader/Mappings) Mappings not present!
[14:33:06] [main/INFO] (FabricLoader) Loading 50 mods:
	- fabric-api 0.145.3+26.1.1
	- fabric-api-base 2.0.3+ece06323b3
	- fabric-api-lookup-api-v1 2.0.10+d5a053b6b3
	- fabric-biome-api-v1 18.0.4+35c80edcb3
	- fabric-block-api-v1 3.0.2+ec56b601b3
	- fabric-block-getter-api-v2 2.0.6+ec56b601b3
	- fabric-client-gametest-api-v1 5.0.14+9c219671b3
	- fabric-command-api-v2 3.0.5+e2bdee78b3
	- fabric-content-registries-v0 11.0.12+d871b99eb3
	- fabric-convention-tags-v2 4.3.2+c37e6e5fb3
	- fabric-crash-report-info-v1 1.0.3+9f78a5a8b3
	- fabric-creative-tab-api-v1 5.0.10+d871b99eb3
	- fabric-data-attachment-api-v1 2.2.3+d602a896b3
	- fabric-data-generation-api-v1 24.0.17+35c80edcb3
	- fabric-debug-api-v1 1.0.1+c792624db3
	- fabric-dimensions-v1 5.1.4+9cbf5da5b3
	- fabric-entity-events-v1 5.0.2+e2bdee78b3
	- fabric-events-interaction-v0 5.1.10+c82f0461b3
	- fabric-game-rule-api-v1 4.0.5+d871b99eb3
	- fabric-gametest-api-v1 4.0.13+00a1fba6b3
	- fabric-item-api-v1 14.1.0+9833182cb3
	- fabric-key-mapping-api-v1 2.0.4+e2bdee78b3
	- fabric-lifecycle-events-v1 4.0.6+a9b9c176b3
	- fabric-loot-api-v3 3.0.11+00a1fba6b3
	- fabric-menu-api-v1 2.0.12+d871b99eb3
	- fabric-message-api-v1 7.0.5+dae8ce3eb3
	- fabric-model-loading-api-v1 8.0.3+c80601bbb3
	- fabric-networking-api-v1 6.3.0+50a808ceb3
	- fabric-object-builder-api-v1 23.0.13+b61fef43b3
	- fabric-particles-v1 5.0.14+b61fef43b3
	- fabric-recipe-api-v1 9.0.13+be4b75aeb3
	- fabric-registry-sync-v0 7.0.12+b61fef43b3
	- fabric-renderer-api-v1 13.0.0+c80601bbb3
	- fabric-renderer-indigo 8.0.1+9c219671b3
	- fabric-rendering-fluids-v1 6.0.1+d871b99eb3
	- fabric-rendering-v1 23.0.4+c7e428fdb3
	- fabric-resource-conditions-api-v1 6.0.5+00a1fba6b3
	- fabric-resource-loader-v0 3.3.16+4fc5413fb3
	- fabric-resource-loader-v1 2.0.9+d871b99eb3
	- fabric-screen-api-v1 5.0.1+d871b99eb3
	- fabric-serialization-api-v1 2.0.3+11a26f31b3
	- fabric-sound-api-v1 2.0.4+11a26f31b3
	- fabric-tag-api-v1 2.0.9+11a26f31b3
	- fabric-transfer-api-v1 8.0.2+d871b99eb3
	- fabric-transitive-access-wideners-v1 8.0.11+d871b99eb3
	- fabricloader 0.18.6
	- java 25
	- minecraft 26.1.1
	- mixinextras 0.5.3
	- simpeladdmod 1.144
[14:33:06] [main/WARN] (FabricLoader/ModRemap) Runtime mod remapping disabled due to no fabric.remapClasspathFile being specified. You may need to update loom.
[14:33:06] [main/INFO] (FabricLoader/Mixin) SpongePowered MIXIN Subsystem Version=0.8.7 Source=file:/C:/Users/FoulC/.gradle/caches/modules-2/files-2.1/net.fabricmc/sponge-mixin/0.17.0+mixin.0.8.7/cf31463202f72d03b0ef1e1e38e8ee71b7faaab6/sponge-mixin-0.17.0+mixin.0.8.7.jar Service=Knot/Fabric Env=CLIENT
[14:33:06] [main/INFO] (FabricLoader/Mixin) Compatibility level set to JAVA_25
[14:33:06] [main/WARN] (FabricLoader/Mixin) Reference map 'simpeladdmod.refmap.json' for simpeladdmod.mixins.json could not be read. If this is a development environment you can ignore this message
[14:33:06] [main/WARN] (FabricLoader/Mixin) Reference map 'simpeladdmod.refmap.json' for simpeladdmod.fabric.mixins.json could not be read. If this is a development environment you can ignore this message
[14:33:06] [main/INFO] (FabricLoader/MixinExtras|Service) Initializing MixinExtras via com.llamalad7.mixinextras.service.MixinExtrasServiceImpl(version=0.5.3).
[14:33:07] [Datafixer Bootstrap/INFO] (Minecraft) 291 Datafixer optimizations took 156 milliseconds
[14:33:09] [Render thread/INFO] (Minecraft) Environment: Environment[sessionHost=https://sessionserver.mojang.com, servicesHost=https://api.minecraftservices.com, profilesHost=https://api.mojang.com, name=PROD]
[14:33:09] [Render thread/INFO] (Minecraft) Setting user: Player807
[14:33:09] [Render thread/INFO] (SimpelAdd) Hello Fabric world!
[14:33:09] [Render thread/INFO] (SimpelAdd) This is Common init on Fabric! we are currently in a development environment!
[14:33:09] [Render thread/INFO] (SimpelAdd) Welcome to SimpelAdd
[14:33:10] [Render thread/WARN] (Minecraft) Failed to get system info for Render Extensions
java.lang.IllegalStateException: Can't getDevice() before it was initialized
	at knot//com.mojang.blaze3d.systems.RenderSystem.getDevice(RenderSystem.java:277)
	at knot//net.minecraft.client.Minecraft.lambda$fillSystemReport$2(Minecraft.java:2470)
	at knot//net.minecraft.SystemReport.setDetail(SystemReport.java:91)
	at knot//net.minecraft.client.Minecraft.fillSystemReport(Minecraft.java:2470)
	at knot//net.minecraft.client.Minecraft.fillReport(Minecraft.java:2435)
	at knot//net.minecraft.client.main.Main.main(Main.java:216)
	at net.fabricmc.loader.impl.game.minecraft.MinecraftGameProvider.launch(MinecraftGameProvider.java:514)
	at net.fabricmc.loader.impl.launch.knot.Knot.launch(Knot.java:72)
	at net.fabricmc.loader.impl.launch.knot.KnotClient.main(KnotClient.java:23)
	at net.fabricmc.devlaunchinjector.Main.main(Main.java:86)
