[08Apr2026 16:22:12.530] [main/INFO] [net.neoforged.fml.startup.Entrypoint/]: JVM Uptime at startup: 101ms
[08Apr2026 16:22:12.540] [main/INFO] [net.neoforged.fml.loading.FMLLoader/]: Starting FancyModLoader version 11.0.5 (CLIENT in DEV)
[08Apr2026 16:22:12.540] [main/INFO] [net.neoforged.fml.loading.FMLLoader/]: Game directory: C:\Users\FoulC\OneDrive\Desktop\MineCraft Modding\SimpelAdd Dev Env\SimpelAdd-MultiLoader-26.1.1\neoforge\runs\client
[08Apr2026 16:22:12.579] [main/INFO] [net.neoforged.fml.loading.EarlyServiceDiscovery/]: Found 2 early service jars (out of 107) in 13ms
[08Apr2026 16:22:12.579] [main/INFO] [net.neoforged.fml.loading.FMLLoader/]: Loading FML Early Services:
[08Apr2026 16:22:12.579] [main/INFO] [net.neoforged.fml.loading.FMLLoader/]:  - C:/Users/FoulC/.gradle/caches/modules-2/files-2.1/net.neoforged.fancymodloader/loader/11.0.5/3477e70d79fe8cd06962749f24e64f01edda3bb3/loader-11.0.5.jar
[08Apr2026 16:22:12.580] [main/INFO] [net.neoforged.fml.loading.FMLLoader/]:  - C:/Users/FoulC/.gradle/caches/modules-2/files-2.1/net.neoforged.fancymodloader/earlydisplay/11.0.5/b2edeab4008c91772d61f8f98a5253a09a4e890d/earlydisplay-11.0.5.jar
[08Apr2026 16:22:12.583] [main/INFO] [net.neoforged.fml.loading.ImmediateWindowHandler/]: Loading ImmediateWindowProvider fmlearlywindow
[08Apr2026 16:22:13.030] [ForkJoinPool.commonPool-worker-3/INFO] [net.neoforged.fml.loading.moddiscovery.locators.GameLocator/]: Detected a joined NeoForge and Minecraft configuration. Applying filtering...
[08Apr2026 16:22:13.070] [ForkJoinPool.commonPool-worker-3/INFO] [net.neoforged.fml.loading.moddiscovery.locators.InDevFolderLocator/CORE]: Got mod coordinates simpeladdmod%%C:\Users\FoulC\OneDrive\Desktop\MineCraft Modding\SimpelAdd Dev Env\SimpelAdd-MultiLoader-26.1.1\neoforge\build\classes\java\main;simpeladdmod%%C:\Users\FoulC\OneDrive\Desktop\MineCraft Modding\SimpelAdd Dev Env\SimpelAdd-MultiLoader-26.1.1\neoforge\build\resources\main from env
[08Apr2026 16:22:13.084] [fml-loadingscreen/INFO] [net.neoforged.fml.earlydisplay.render.LoadingScreenRenderer/]: GL info: NVIDIA GeForce RTX 5070 Ti/PCIe/SSE2 GL version 3.3.0 NVIDIA 591.86, NVIDIA Corporation
[08Apr2026 16:22:13.147] [ForkJoinPool.commonPool-worker-3/INFO] [net.neoforged.fml.loading.moddiscovery.locators.JarInJarDependencyLocator/]: Found 2 dependencies adding them to mods collection
[08Apr2026 16:22:13.147] [ForkJoinPool.commonPool-worker-3/INFO] [net.neoforged.fml.loading.moddiscovery.ModDiscoverer/]: 
     Mod List:
		Name Version (Mod Id)

		Minecraft 26.1.1 (minecraft)
		NeoForge 26.1.1.1-beta (neoforge)
		Simpel Add 1.144 (simpeladdmod)
[08Apr2026 16:22:13.272] [main/INFO] [mixin/]: SpongePowered MIXIN Subsystem Version=0.8.7 Source=file:/C:/Users/FoulC/.gradle/caches/modules-2/files-2.1/net.fabricmc/sponge-mixin/0.17.0+mixin.0.8.7/cf31463202f72d03b0ef1e1e38e8ee71b7faaab6/sponge-mixin-0.17.0+mixin.0.8.7.jar Service=FML Env=CLIENT
[08Apr2026 16:22:13.286] [main/INFO] [net.neoforged.fml.loading.FMLLoader/]: Loading FML Plugins:
[08Apr2026 16:22:13.287] [main/INFO] [net.neoforged.fml.loading.FMLLoader/]:  - C:/Users/FoulC/.gradle/caches/modules-2/files-2.1/net.neoforged/neoforge/26.1.1.1-beta/214ad5aa883deaf6d71298baf4232bb994305f36/neoforge-26.1.1.1-beta-universal.jar > net.neoforged.neoforge-coremods-26.1.1.1-beta.jar
[08Apr2026 16:22:13.347] [main/INFO] [net.neoforged.fml.loading.FMLLoader/]: Building game content classloader:
 - minecraft (composite(filtered(jar(C:/Users/FoulC/OneDrive/Desktop/MineCraft Modding/SimpelAdd Dev Env/SimpelAdd-MultiLoader-26.1.1/neoforge/build/moddev/artifacts/minecraft-patched-26.1.1.1-beta.jar)), filtered(jar(C:/Users/FoulC/OneDrive/Desktop/MineCraft Modding/SimpelAdd Dev Env/SimpelAdd-MultiLoader-26.1.1/neoforge/build/moddev/artifacts/minecraft-patched-26.1.1.1-beta.jar))))
 - mixinextras.neoforge (jar(C:/Users/FoulC/.gradle/caches/modules-2/files-2.1/net.neoforged/neoforge/26.1.1.1-beta/214ad5aa883deaf6d71298baf4232bb994305f36/neoforge-26.1.1.1-beta-universal.jar > mixinextras-neoforge-0.5.3.jar))
 - neoforge (composite(filtered(jar(C:/Users/FoulC/.gradle/caches/modules-2/files-2.1/net.neoforged/neoforge/26.1.1.1-beta/214ad5aa883deaf6d71298baf4232bb994305f36/neoforge-26.1.1.1-beta-universal.jar))))
 - net.neoforged.fml.generated (empty(VirtualJar/net.neoforged.fml.generated))
 - simpeladdmod (composite(folder(C:/Users/FoulC/OneDrive/Desktop/MineCraft Modding/SimpelAdd Dev Env/SimpelAdd-MultiLoader-26.1.1/neoforge/build/classes/java/main), folder(C:/Users/FoulC/OneDrive/Desktop/MineCraft Modding/SimpelAdd Dev Env/SimpelAdd-MultiLoader-26.1.1/neoforge/build/resources/main)))
[08Apr2026 16:22:13.356] [main/INFO] [net.neoforged.fml.loading.FMLLoader/]: Built game content classloader in 16ms
[08Apr2026 16:22:13.390] [main/WARN] [mixin/]: Reference map 'simpeladdmod.refmap.json' for simpeladdmod.mixins.json could not be read. If this is a development environment you can ignore this message
[08Apr2026 16:22:13.965] [Datafixer Bootstrap/INFO] [com.mojang.datafixers.DataFixerBuilder/]: 294 Datafixer optimizations took 153 milliseconds
[08Apr2026 16:22:14.116] [pool-8-thread-1/INFO] [MixinExtras|Service/]: Initializing MixinExtras via com.llamalad7.mixinextras.service.MixinExtrasServiceImpl(version=0.5.3).
[08Apr2026 16:22:16.126] [main/WARN] [net.minecraft.commands.Commands/]: Ambiguity between arguments [teleport, location] and [teleport, destination] with inputs: [0.1 -0.5 .9, 0 0 0]
[08Apr2026 16:22:16.126] [main/WARN] [net.minecraft.commands.Commands/]: Ambiguity between arguments [teleport, location] and [teleport, targets] with inputs: [0.1 -0.5 .9, 0 0 0]
[08Apr2026 16:22:16.127] [main/WARN] [net.minecraft.commands.Commands/]: Ambiguity between arguments [teleport, destination] and [teleport, targets] with inputs: [Player, 0123, @e, dd12be42-52a9-4a91-a8a1-11c01849e498]
[08Apr2026 16:22:16.127] [main/WARN] [net.minecraft.commands.Commands/]: Ambiguity between arguments [teleport, targets] and [teleport, destination] with inputs: [Player, 0123, dd12be42-52a9-4a91-a8a1-11c01849e498]
[08Apr2026 16:22:16.128] [main/WARN] [net.minecraft.commands.Commands/]: Ambiguity between arguments [teleport, targets, location] and [teleport, targets, destination] with inputs: [0.1 -0.5 .9, 0 0 0]
[08Apr2026 16:22:16.129] [main/WARN] [net.minecraft.commands.Commands/]: Ambiguity between arguments [time, set, time] and [time, set, timemarker] with inputs: [0, 0s, 0d, 0t]
[08Apr2026 16:22:16.129] [main/WARN] [net.minecraft.commands.Commands/]: Ambiguity between arguments [time, set, timemarker] and [time, set, time] with inputs: [012]
[08Apr2026 16:22:16.130] [main/WARN] [net.minecraft.commands.Commands/]: Ambiguity between arguments [time, of, clock, set, time] and [time, of, clock, set, timemarker] with inputs: [0, 0s, 0d, 0t]
[08Apr2026 16:22:16.130] [main/WARN] [net.minecraft.commands.Commands/]: Ambiguity between arguments [time, of, clock, set, timemarker] and [time, of, clock, set, time] with inputs: [012]
[08Apr2026 16:22:16.131] [main/WARN] [net.minecraft.commands.Commands/]: Ambiguity between arguments [waypoint, modify, waypoint, color, reset] and [waypoint, modify, waypoint, color, color] with inputs: [reset]
[08Apr2026 16:22:16.159] [modloading-worker-0/INFO] [SimpelAdd/]: Hello NeoForge world!
[08Apr2026 16:22:16.162] [modloading-worker-0/INFO] [SimpelAdd/]: This is Common init on NeoForge! we are currently in a development environment!
[08Apr2026 16:22:16.162] [modloading-worker-0/INFO] [SimpelAdd/]: Welcome to SimpelAdd
[08Apr2026 16:22:16.163] [modloading-worker-0/INFO] [net.neoforged.neoforge.common.NeoForgeMod/NEOFORGE-MOD]: NeoForge mod loading, version 26.1.1.1-beta, for MC 26.1.1
[08Apr2026 16:22:16.467] [Render thread/INFO] [com.mojang.authlib.yggdrasil.YggdrasilAuthenticationService/]: Environment: Environment[sessionHost=https://sessionserver.mojang.com, servicesHost=https://api.minecraftservices.com, profilesHost=https://api.mojang.com, name=PROD]
[08Apr2026 16:22:16.482] [Render thread/INFO] [net.minecraft.client.Minecraft/]: Setting user: Dev
[08Apr2026 16:22:16.529] [Render thread/INFO] [net.minecraft.client.Minecraft/]: Backend library: LWJGL version 3.4.1+2
[08Apr2026 16:22:16.649] [Render thread/INFO] [net.minecraft.client.Minecraft/]: Using optional rendering extensions: GL_ARB_buffer_storage, GL_KHR_debug, GL_ARB_vertex_attrib_binding, GL_ARB_direct_state_access, GL_EXT_texture_filter_anisotropic
[08Apr2026 16:22:17.046] [Render thread/INFO] [net.minecraft.server.packs.resources.ReloadableResourceManager/]: Reloading ResourceManager: vanilla, mod_resources, mod/neoforge, mod/simpeladdmod
[08Apr2026 16:22:17.092] [Render thread/INFO] [SimpelAdd/]: This line is printed by an Simpel Add Mod common mixin!
[08Apr2026 16:22:17.094] [Render thread/INFO] [SimpelAdd/]: MC Version: release
[08Apr2026 16:22:17.095] [resourceLoad/INFO] [net.minecraft.client.gui.font.providers.UnihexProvider/]: Found unifont_all_no_pua-17.0.01.hex, loading
[08Apr2026 16:22:17.095] [resourceLoad/INFO] [net.minecraft.client.gui.font.providers.UnihexProvider/]: Found unifont_pua-17.0.01.hex, loading
[08Apr2026 16:22:17.121] [resourceLoad/INFO] [net.minecraft.client.gui.font.providers.UnihexProvider/]: Found unifont_jp_patch-17.0.01.hex, loading
[08Apr2026 16:22:17.367] [resourceLoad/ERROR] [net.minecraft.client.resources.model.ModelManager/]: Failed to load model simpeladdmod:models/item/obsidian_dust.json
net.minecraft.IdentifierException: Non [a-z0-9/._-] character in path of location: minecraft:minecraft:item/handheld
	at TRANSFORMER/minecraft@26.1.1/net.minecraft.resources.Identifier.assertValidPath(Identifier.java:270) ~[minecraft-patched-26.1.1.1-beta.jar:?]
	at TRANSFORMER/minecraft@26.1.1/net.minecraft.resources.Identifier.createUntrusted(Identifier.java:38) ~[minecraft-patched-26.1.1.1-beta.jar:?]
	at TRANSFORMER/minecraft@26.1.1/net.minecraft.resources.Identifier.bySeparator(Identifier.java:67) ~[minecraft-patched-26.1.1.1-beta.jar:?]
	at TRANSFORMER/minecraft@26.1.1/net.minecraft.resources.Identifier.parse(Identifier.java:46) ~[minecraft-patched-26.1.1.1-beta.jar:?]
	at TRANSFORMER/minecraft@26.1.1/net.minecraft.client.resources.model.cuboid.CuboidModel$Deserializer.deserialize(CuboidModel.java:88) ~[minecraft-patched-26.1.1.1-beta.jar:?]
	at TRANSFORMER/minecraft@26.1.1/net.minecraft.client.resources.model.cuboid.CuboidModel$Deserializer.deserialize(CuboidModel.java:69) ~[minecraft-patched-26.1.1.1-beta.jar:?]
	at com.google.gson.internal.bind.TreeTypeAdapter.read(TreeTypeAdapter.java:95) ~[gson-2.13.2.jar:?]
	at com.google.gson.Gson.fromJson(Gson.java:1358) ~[gson-2.13.2.jar:?]
	at com.google.gson.Gson.fromJson(Gson.java:1471) ~[gson-2.13.2.jar:?]
	at com.google.gson.Gson.fromJson(Gson.java:1442) ~[gson-2.13.2.jar:?]
	at com.google.gson.internal.bind.TreeTypeAdapter$GsonContextImpl.deserialize(TreeTypeAdapter.java:206) ~[gson-2.13.2.jar:?]
	at TRANSFORMER/neoforge@26.1.1.1-beta/net.neoforged.neoforge.client.model.UnbakedModelParser$Deserializer.deserialize(UnbakedModelParser.java:76) ~[neoforge-26.1.1.1-beta-universal.jar:?]
	at TRANSFORMER/neoforge@26.1.1.1-beta/net.neoforged.neoforge.client.model.UnbakedModelParser$Deserializer.deserialize(UnbakedModelParser.java:46) ~[neoforge-26.1.1.1-beta-universal.jar:?]
	at com.google.gson.internal.bind.TreeTypeAdapter.read(TreeTypeAdapter.java:95) ~[gson-2.13.2.jar:?]
	at TRANSFORMER/minecraft@26.1.1/net.minecraft.util.GsonHelper.fromJson(GsonHelper.java:427) ~[minecraft-patched-26.1.1.1-beta.jar:?]
	at TRANSFORMER/neoforge@26.1.1.1-beta/net.neoforged.neoforge.client.model.UnbakedModelParser.parse(UnbakedModelParser.java:43) ~[neoforge-26.1.1.1-beta-universal.jar:?]
	at TRANSFORMER/minecraft@26.1.1/net.minecraft.client.resources.model.ModelManager.lambda$loadBlockModels$2(ModelManager.java:204) ~[minecraft-patched-26.1.1.1-beta.jar:?]
	at java.base/java.util.concurrent.CompletableFuture$AsyncSupply.run(CompletableFuture.java:1789) ~[?:?]
	at TRANSFORMER/minecraft@26.1.1/net.minecraft.server.packs.resources.SimpleReloadInstance.lambda$prepareTasks$1(SimpleReloadInstance.java:68) ~[minecraft-patched-26.1.1.1-beta.jar:?]
	at TRANSFORMER/minecraft@26.1.1/net.minecraft.TracingExecutor.lambda$forName$1(TracingExecutor.java:18) ~[minecraft-patched-26.1.1.1-beta.jar:?]
	at java.base/java.util.concurrent.ForkJoinTask$RunnableExecuteAction.compute(ForkJoinTask.java:1750) [?:?]
	at java.base/java.util.concurrent.ForkJoinTask$RunnableExecuteAction.compute(ForkJoinTask.java:1742) [?:?]
	at java.base/java.util.concurrent.ForkJoinTask$InterruptibleTask.exec(ForkJoinTask.java:1659) [?:?]
	at java.base/java.util.concurrent.ForkJoinTask.doExec(ForkJoinTask.java:511) [?:?]
	at java.base/java.util.concurrent.ForkJoinPool$WorkQueue.topLevelExec(ForkJoinPool.java:1450) [?:?]
	at java.base/java.util.concurrent.ForkJoinPool.runWorker(ForkJoinPool.java:2019) [?:?]
	at java.base/java.util.concurrent.ForkJoinWorkerThread.run(ForkJoinWorkerThread.java:187) [?:?]
[08Apr2026 16:22:17.396] [resourceLoad/WARN] [net.minecraft.client.resources.model.ModelDiscovery/]: Missing block model: simpeladdmod:item/simpel_elitra_part1
[08Apr2026 16:22:17.396] [resourceLoad/WARN] [net.minecraft.client.resources.model.ModelDiscovery/]: Missing block model: simpeladdmod:item/simpel_elitra_part2
[08Apr2026 16:22:17.396] [resourceLoad/WARN] [net.minecraft.client.resources.model.ModelDiscovery/]: Missing block model: simpeladdmod:item/unobtainium_dust
[08Apr2026 16:22:17.396] [resourceLoad/WARN] [net.minecraft.client.resources.model.ModelDiscovery/]: Missing block model: simpeladdmod:item/sandwich_chicken
[08Apr2026 16:22:17.397] [resourceLoad/WARN] [net.minecraft.client.resources.model.ModelDiscovery/]: Missing block model: simpeladdmod:item/simpel_elitra_half
[08Apr2026 16:22:17.397] [resourceLoad/WARN] [net.minecraft.client.resources.model.ModelDiscovery/]: Missing block model: simpeladdmod:item/obsidian_dust
[08Apr2026 16:22:17.596] [resourceLoad/WARN] [net.minecraft.client.resources.model.ModelManager/]: Missing textures in model simpeladdmod:item/wood_fiber:
    simpeladdmod:item/woodfiber
[08Apr2026 16:22:17.747] [Render thread/WARN] [com.mojang.blaze3d.opengl.GlProgram/]: neoforge:pipeline/item_translucent_unlit shader program does not use sampler Sampler2 defined in the pipeline. This might be a bug.
[08Apr2026 16:22:17.752] [Render thread/WARN] [com.mojang.blaze3d.opengl.GlProgram/]: neoforge:pipeline/item_cutout_unlit shader program does not use sampler Sampler2 defined in the pipeline. This might be a bug.
[08Apr2026 16:22:17.782] [Render thread/INFO] [com.mojang.blaze3d.audio.Library/]: OpenAL initialized on device OpenAL Soft on Games (Elgato Virtual Audio)
[08Apr2026 16:22:17.784] [Render thread/INFO] [net.minecraft.client.sounds.SoundEngine/SOUNDS]: Sound engine started
[08Apr2026 16:22:17.784] [Render thread/INFO] [net.minecraft.client.renderer.texture.TextureAtlas/]: Created: 512x256x0 minecraft:textures/atlas/particles.png-atlas
[08Apr2026 16:22:17.797] [Render thread/INFO] [net.minecraft.client.renderer.texture.TextureAtlas/]: Created: 128x128x0 minecraft:textures/atlas/decorated_pot.png-atlas
[08Apr2026 16:22:17.797] [Render thread/INFO] [net.minecraft.client.renderer.texture.TextureAtlas/]: Created: 2048x1024x0 minecraft:textures/atlas/armor_trims.png-atlas
[08Apr2026 16:22:17.812] [Render thread/INFO] [net.minecraft.client.renderer.texture.TextureAtlas/]: Created: 512x256x0 minecraft:textures/atlas/paintings.png-atlas
[08Apr2026 16:22:17.819] [Render thread/INFO] [net.minecraft.client.renderer.texture.TextureAtlas/]: Created: 1024x512x0 minecraft:textures/atlas/shield_patterns.png-atlas
[08Apr2026 16:22:17.820] [Render thread/INFO] [net.minecraft.client.renderer.texture.TextureAtlas/]: Created: 2048x2048x4 minecraft:textures/atlas/blocks.png-atlas
[08Apr2026 16:22:17.875] [Render thread/INFO] [net.minecraft.client.renderer.texture.TextureAtlas/]: Created: 512x512x0 minecraft:textures/atlas/chest.png-atlas
[08Apr2026 16:22:17.882] [Render thread/INFO] [net.minecraft.client.renderer.texture.TextureAtlas/]: Created: 256x128x0 minecraft:textures/atlas/celestials.png-atlas
[08Apr2026 16:22:17.883] [Render thread/INFO] [net.minecraft.client.renderer.texture.TextureAtlas/]: Created: 1024x512x0 minecraft:textures/atlas/banner_patterns.png-atlas
[08Apr2026 16:22:17.883] [Render thread/INFO] [net.minecraft.client.renderer.texture.TextureAtlas/]: Created: 512x512x0 minecraft:textures/atlas/beds.png-atlas
[08Apr2026 16:22:17.885] [Render thread/INFO] [net.minecraft.client.renderer.texture.TextureAtlas/]: Created: 1024x512x0 minecraft:textures/atlas/items.png-atlas
[08Apr2026 16:22:17.894] [Render thread/INFO] [net.minecraft.client.renderer.texture.TextureAtlas/]: Created: 1024x1024x0 minecraft:textures/atlas/gui.png-atlas
[08Apr2026 16:22:17.903] [Render thread/INFO] [net.minecraft.client.renderer.texture.TextureAtlas/]: Created: 128x64x0 minecraft:textures/atlas/map_decorations.png-atlas
[08Apr2026 16:22:17.907] [Render thread/INFO] [net.minecraft.client.renderer.texture.TextureAtlas/]: Created: 512x256x0 minecraft:textures/atlas/signs.png-atlas
[08Apr2026 16:22:17.909] [Render thread/INFO] [net.minecraft.client.renderer.texture.TextureAtlas/]: Created: 512x512x0 minecraft:textures/atlas/shulker_boxes.png-atlas
[08Apr2026 16:22:17.981] [Render thread/INFO] [net.neoforged.neoforge.client.entity.animation.json.AnimationLoader/]: Loaded 0 entity animations
[08Apr2026 16:22:18.069] [Render thread/INFO] [SimpelAdd/]: This line is printed by an Simpel Add Mod mixin from NeoForge!
[08Apr2026 16:22:18.069] [Render thread/INFO] [SimpelAdd/]: MC Version: release
[08Apr2026 16:22:18.076] [Render thread/INFO] [SimpelAdd/]: This line is printed by an Simpel Add Mod mixin from NeoForge!
[08Apr2026 16:22:18.076] [Render thread/INFO] [SimpelAdd/]: MC Version: release
[08Apr2026 16:22:22.532] [Render thread/INFO] [net.minecraft.world.item.crafting.RecipeManager/]: Loaded 1515 recipes
[08Apr2026 16:22:22.539] [Render thread/INFO] [net.minecraft.advancements.AdvancementTree/]: Loaded 1617 advancements
[08Apr2026 16:22:22.541] [Render thread/INFO] [net.neoforged.neoforge.common.crafting.RecipePriorityManager/]: Loaded 0 recipe priority overrides
[08Apr2026 16:22:22.556] [Render thread/WARN] [net.minecraft.client.resources.model.ModelManager/]: Missing item model for location simpeladdmod:obsidian_dust
[08Apr2026 16:22:22.634] [Server thread/INFO] [net.minecraft.client.server.IntegratedServer/]: Starting integrated minecraft server version 26.1.1
[08Apr2026 16:22:22.634] [Server thread/INFO] [net.minecraft.server.MinecraftServer/]: Generating keypair
[08Apr2026 16:22:22.845] [Server thread/INFO] [net.minecraft.server.level.progress.LoggingLevelLoadListener/]: Loading 0 persistent chunks...
[08Apr2026 16:22:22.845] [Server thread/INFO] [net.minecraft.server.level.progress.LoggingLevelLoadListener/]: Preparing spawn area: 16%
[08Apr2026 16:22:22.857] [Server thread/INFO] [net.minecraft.server.MinecraftServer/]: Saving chunks for level 'ServerLevel[New World]'/minecraft:overworld
[08Apr2026 16:22:22.975] [Server thread/INFO] [net.minecraft.server.MinecraftServer/]: Saving chunks for level 'ServerLevel[New World]'/minecraft:the_nether
[08Apr2026 16:22:22.999] [Server thread/INFO] [net.minecraft.server.MinecraftServer/]: Saving chunks for level 'ServerLevel[New World]'/minecraft:the_end
[08Apr2026 16:22:23.012] [Server thread/INFO] [net.minecraft.server.MinecraftServer/]: ThreadedAnvilChunkStorage (world): All chunks are saved
[08Apr2026 16:22:23.012] [Server thread/INFO] [net.minecraft.server.MinecraftServer/]: ThreadedAnvilChunkStorage (DIM-1): All chunks are saved
[08Apr2026 16:22:23.012] [Server thread/INFO] [net.minecraft.server.MinecraftServer/]: ThreadedAnvilChunkStorage (DIM1): All chunks are saved
[08Apr2026 16:22:23.012] [Server thread/INFO] [net.minecraft.server.MinecraftServer/]: ThreadedAnvilChunkStorage: All dimensions are saved
[08Apr2026 16:22:23.016] [Server thread/INFO] [net.neoforged.neoforge.server.permission.PermissionAPI/]: Successfully initialized permission handler neoforge:default_handler
[08Apr2026 16:22:23.282] [Server thread/INFO] [net.minecraft.server.level.progress.LoggingLevelLoadListener/]: Loading 49 chunks for player spawn...
[08Apr2026 16:22:23.366] [Server thread/INFO] [net.minecraft.server.level.progress.LoggingLevelLoadListener/]: Preparing spawn area: 16%
[08Apr2026 16:22:23.466] [Server thread/INFO] [net.minecraft.server.level.progress.LoggingLevelLoadListener/]: Time elapsed: 622 ms
[08Apr2026 16:22:23.652] [Server thread/INFO] [net.minecraft.server.players.PlayerList/]: Dev[local:E:70f564d4] logged in with entity id 90 at (169.87822231466467, 65.0, 78.53027507636233)
[08Apr2026 16:22:23.680] [Server thread/INFO] [net.minecraft.server.MinecraftServer/]: Dev joined the game
[08Apr2026 16:22:23.749] [Server thread/INFO] [net.minecraft.client.server.IntegratedServer/]: Changing view distance to 16, from 10
[08Apr2026 16:22:23.752] [Server thread/INFO] [net.minecraft.client.server.IntegratedServer/]: Changing simulation distance to 12, from 0
[08Apr2026 16:22:23.752] [Render thread/WARN] [net.minecraft.client.multiplayer.ClientPacketListener/]: Ignoring chat session from Dev due to missing Services public key
[08Apr2026 16:22:23.760] [Render thread/INFO] [net.minecraft.advancements.AdvancementTree/]: Loaded 2 advancements
[08Apr2026 16:22:23.812] [Render thread/INFO] [net.minecraft.client.renderer.DynamicUniformStorage/]: Resizing Dynamic Transforms UBO, capacity limit of 2 reached during a single frame. New capacity will be 4.
[08Apr2026 16:22:23.843] [Render thread/INFO] [net.minecraft.client.renderer.DynamicUniformStorage/]: Resizing Dynamic Transforms UBO, capacity limit of 4 reached during a single frame. New capacity will be 8.
[08Apr2026 16:22:23.870] [Render thread/INFO] [net.minecraft.client.renderer.DynamicUniformStorage/]: Resizing Dynamic Transforms UBO, capacity limit of 8 reached during a single frame. New capacity will be 16.
[08Apr2026 16:22:23.932] [Render thread/INFO] [net.minecraft.client.renderer.DynamicUniformStorage/]: Resizing Chunk Sections UBO, capacity limit of 2 reached during a single frame. New capacity will be 4.
[08Apr2026 16:22:23.955] [Render thread/INFO] [net.minecraft.client.renderer.DynamicUniformStorage/]: Resizing Chunk Sections UBO, capacity limit of 4 reached during a single frame. New capacity will be 16.
[08Apr2026 16:22:23.991] [Render thread/INFO] [net.minecraft.client.renderer.DynamicUniformStorage/]: Resizing Chunk Sections UBO, capacity limit of 16 reached during a single frame. New capacity will be 32.
[08Apr2026 16:22:24.046] [Render thread/INFO] [net.minecraft.client.renderer.DynamicUniformStorage/]: Resizing Chunk Sections UBO, capacity limit of 32 reached during a single frame. New capacity will be 64.
[08Apr2026 16:22:24.146] [Render thread/INFO] [net.minecraft.client.renderer.DynamicUniformStorage/]: Resizing Chunk Sections UBO, capacity limit of 64 reached during a single frame. New capacity will be 128.
[08Apr2026 16:22:24.346] [Render thread/INFO] [net.minecraft.client.renderer.DynamicUniformStorage/]: Resizing Chunk Sections UBO, capacity limit of 128 reached during a single frame. New capacity will be 256.
[08Apr2026 16:22:24.749] [Render thread/INFO] [net.minecraft.client.renderer.DynamicUniformStorage/]: Resizing Chunk Sections UBO, capacity limit of 256 reached during a single frame. New capacity will be 512.
[08Apr2026 16:22:26.302] [Render thread/INFO] [net.minecraft.client.renderer.DynamicUniformStorage/]: Resizing Chunk Sections UBO, capacity limit of 512 reached during a single frame. New capacity will be 1024.
[08Apr2026 16:22:35.978] [Render thread/INFO] [net.minecraft.advancements.AdvancementTree/]: Loaded 3 advancements
[08Apr2026 16:22:48.421] [Render thread/INFO] [net.minecraft.advancements.AdvancementTree/]: Loaded 4 advancements
